TN:
SF:src\__tests__\testUtils.ts
FN:6,(anonymous_0)
FN:15,(anonymous_1)
FNF:2
FNH:2
FNDA:3,(anonymous_0)
FNDA:3,(anonymous_1)
DA:6,1
DA:7,3
DA:15,1
DA:16,3
DA:17,3
DA:18,3
DA:19,3
DA:20,3
LF:8
LH:8
BRF:0
BRH:0
end_of_record
TN:
SF:src\config\database.ts
FNF:0
FNH:0
DA:3,2
DA:6,2
DA:12,2
LF:3
LH:3
BRF:0
BRH:0
end_of_record
TN:
SF:src\controllers\PostController.ts
FN:7,(anonymous_1)
FN:11,(anonymous_2)
FN:14,(anonymous_3)
FN:20,(anonymous_4)
FN:30,(anonymous_5)
FN:33,(anonymous_6)
FN:40,(anonymous_7)
FN:52,(anonymous_8)
FN:59,(anonymous_9)
FN:64,(anonymous_10)
FN:69,(anonymous_11)
FN:77,(anonymous_12)
FN:84,(anonymous_13)
FN:93,(anonymous_14)
FN:97,(anonymous_15)
FN:104,(anonymous_16)
FNF:16
FNH:6
FNDA:1,(anonymous_1)
FNDA:1,(anonymous_2)
FNDA:0,(anonymous_3)
FNDA:1,(anonymous_4)
FNDA:1,(anonymous_5)
FNDA:0,(anonymous_6)
FNDA:1,(anonymous_7)
FNDA:1,(anonymous_8)
FNDA:0,(anonymous_9)
FNDA:0,(anonymous_10)
FNDA:0,(anonymous_11)
FNDA:0,(anonymous_12)
FNDA:0,(anonymous_13)
FNDA:0,(anonymous_14)
FNDA:0,(anonymous_15)
FNDA:0,(anonymous_16)
DA:2,1
DA:5,1
DA:7,1
DA:8,1
DA:9,1
DA:10,1
DA:12,1
DA:15,0
DA:16,0
DA:20,1
DA:21,1
DA:31,1
DA:34,0
DA:35,0
DA:40,1
DA:41,1
DA:43,1
DA:53,1
DA:54,0
DA:56,1
DA:60,0
DA:64,1
DA:65,0
DA:66,0
DA:68,0
DA:70,0
DA:72,0
DA:74,0
DA:78,0
DA:79,0
DA:81,0
DA:85,0
DA:86,0
DA:88,0
DA:93,1
DA:94,0
DA:96,0
DA:98,0
DA:99,0
DA:101,0
DA:105,0
LF:41
LH:17
BRDA:53,0,0,0
BRDA:53,0,1,1
BRDA:70,1,0,0
BRDA:70,1,1,0
BRDA:78,2,0,0
BRDA:78,2,1,0
BRDA:85,3,0,0
BRDA:85,3,1,0
BRDA:98,4,0,0
BRDA:98,4,1,0
BRF:10
BRH:1
end_of_record
TN:
SF:src\models\Post.ts
FNF:0
FNH:0
DA:1,1
DA:2,1
DA:3,1
DA:29,1
DA:58,1
DA:60,1
LF:6
LH:6
BRF:0
BRH:0
end_of_record
TN:
SF:src\models\User.ts
FNF:0
FNH:0
DA:1,2
DA:2,2
DA:28,2
DA:67,2
LF:4
LH:4
BRF:0
BRH:0
end_of_record
