TN:
SF:src\__tests__\testUtils.ts
FN:6,(anonymous_0)
FN:15,(anonymous_1)
FNF:2
FNH:2
FNDA:9,(anonymous_0)
FNDA:9,(anonymous_1)
DA:6,2
DA:7,9
DA:15,2
DA:16,9
DA:17,9
DA:18,9
DA:19,9
DA:20,9
LF:8
LH:8
BRF:0
BRH:0
end_of_record
TN:
SF:src\config\database.ts
FNF:0
FNH:0
DA:3,3
DA:6,3
DA:12,3
LF:3
LH:3
BRF:0
BRH:0
end_of_record
TN:
SF:src\controllers\PostController.ts
FN:7,(anonymous_1)
FN:11,(anonymous_2)
FN:14,(anonymous_3)
FN:20,(anonymous_4)
FN:30,(anonymous_5)
FN:33,(anonymous_6)
FN:40,(anonymous_7)
FN:52,(anonymous_8)
FN:59,(anonymous_9)
FN:64,(anonymous_10)
FN:70,(anonymous_11)
FN:78,(anonymous_12)
FN:85,(anonymous_13)
FN:94,(anonymous_14)
FN:98,(anonymous_15)
FN:105,(anonymous_16)
FNF:16
FNH:6
FNDA:1,(anonymous_1)
FNDA:1,(anonymous_2)
FNDA:0,(anonymous_3)
FNDA:1,(anonymous_4)
FNDA:1,(anonymous_5)
FNDA:0,(anonymous_6)
FNDA:1,(anonymous_7)
FNDA:1,(anonymous_8)
FNDA:0,(anonymous_9)
FNDA:0,(anonymous_10)
FNDA:0,(anonymous_11)
FNDA:0,(anonymous_12)
FNDA:0,(anonymous_13)
FNDA:0,(anonymous_14)
FNDA:0,(anonymous_15)
FNDA:0,(anonymous_16)
DA:2,1
DA:5,1
DA:7,1
DA:8,1
DA:9,1
DA:10,1
DA:12,1
DA:15,0
DA:16,0
DA:20,1
DA:21,1
DA:31,1
DA:34,0
DA:35,0
DA:40,1
DA:41,1
DA:43,1
DA:53,1
DA:54,0
DA:56,1
DA:60,0
DA:64,1
DA:65,0
DA:66,0
DA:67,0
DA:69,0
DA:71,0
DA:73,0
DA:75,0
DA:79,0
DA:80,0
DA:82,0
DA:86,0
DA:87,0
DA:89,0
DA:94,1
DA:95,0
DA:97,0
DA:99,0
DA:100,0
DA:102,0
DA:106,0
LF:42
LH:17
BRDA:53,0,0,0
BRDA:53,0,1,1
BRDA:71,1,0,0
BRDA:71,1,1,0
BRDA:79,2,0,0
BRDA:79,2,1,0
BRDA:86,3,0,0
BRDA:86,3,1,0
BRDA:99,4,0,0
BRDA:99,4,1,0
BRF:10
BRH:1
end_of_record
TN:
SF:src\controllers\UserController.ts
FN:4,(anonymous_1)
FN:11,(anonymous_2)
FN:14,(anonymous_3)
FN:19,(anonymous_4)
FN:21,(anonymous_5)
FN:24,(anonymous_6)
FN:29,(anonymous_7)
FN:32,(anonymous_8)
FN:39,(anonymous_9)
FN:44,(anonymous_10)
FN:57,(anonymous_11)
FN:65,(anonymous_12)
FN:72,(anonymous_13)
FN:82,(anonymous_14)
FN:85,(anonymous_15)
FN:92,(anonymous_16)
FNF:16
FNH:8
FNDA:1,(anonymous_1)
FNDA:1,(anonymous_2)
FNDA:0,(anonymous_3)
FNDA:1,(anonymous_4)
FNDA:1,(anonymous_5)
FNDA:0,(anonymous_6)
FNDA:2,(anonymous_7)
FNDA:2,(anonymous_8)
FNDA:0,(anonymous_9)
FNDA:0,(anonymous_10)
FNDA:0,(anonymous_11)
FNDA:0,(anonymous_12)
FNDA:0,(anonymous_13)
FNDA:2,(anonymous_14)
FNDA:2,(anonymous_15)
FNDA:0,(anonymous_16)
DA:2,1
DA:4,1
DA:5,1
DA:6,1
DA:12,1
DA:15,0
DA:19,1
DA:20,1
DA:22,1
DA:25,0
DA:29,1
DA:30,2
DA:31,2
DA:33,2
DA:34,1
DA:36,1
DA:40,0
DA:44,1
DA:45,0
DA:47,0
DA:58,0
DA:60,0
DA:62,0
DA:66,0
DA:67,0
DA:69,0
DA:73,0
DA:74,0
DA:76,0
DA:82,1
DA:83,2
DA:84,2
DA:86,2
DA:87,1
DA:89,1
DA:93,0
LF:36
LH:21
BRDA:33,0,0,1
BRDA:33,0,1,1
BRDA:58,1,0,0
BRDA:58,1,1,0
BRDA:66,2,0,0
BRDA:66,2,1,0
BRDA:73,3,0,0
BRDA:73,3,1,0
BRDA:86,4,0,1
BRDA:86,4,1,1
BRF:10
BRH:4
end_of_record
TN:
SF:src\models\Post.ts
FNF:0
FNH:0
DA:1,1
DA:2,1
DA:3,1
DA:29,1
DA:58,1
DA:60,1
LF:6
LH:6
BRF:0
BRH:0
end_of_record
TN:
SF:src\models\User.ts
FNF:0
FNH:0
DA:1,3
DA:2,3
DA:28,3
DA:67,3
LF:4
LH:4
BRF:0
BRH:0
end_of_record
